<?xml version="1.0" encoding="UTF-8"?>
<!-- Generated by org.testng.reporters.JUnitReportReporter -->
<testsuite hostname="DESKTOP-K1OQI5P" failures="0" tests="1" name="Personaltest" time="51.268" errors="0" timestamp="2022-10-29T10:02:52 GST" skipped="0">
  <testcase classname="Personaltest" name="oneActivity" time="51.268"/>
  <system-out/>
</testsuite> <!-- Personaltest -->
