<?xml version="1.0" encoding="UTF-8"?>
<!-- Generated by org.testng.reporters.JUnitReportReporter -->
<testsuite hostname="DESKTOP-K1OQI5P" failures="0" tests="1" name="Personaltest" time="42.691" errors="0" timestamp="2022-10-28T21:54:16 GST" skipped="0">
  <testcase classname="Personaltest" name="oneActivity" time="42.691"/>
  <system-out/>
</testsuite> <!-- Personaltest -->
